app/build/intermediates/manifest_merge_blame_file/debug/manifest-merger-blame-debug-report.txt
1<?xml version="1.0" encoding="utf-8"?>
2<manifest xmlns:android="http://schemas.android.com/apk/res/android"
3    package="com.devicefaker"
4    android:versionCode="1"
5    android:versionName="1.0" >
6
7    <uses-sdk
8        android:minSdkVersion="24"
8-->src/main/AndroidManifest.xml
9        android:targetSdkVersion="33" />
9-->src/main/AndroidManifest.xml
10
11    <application
11-->src/main/AndroidManifest.xml:4:5-16:19
12        android:debuggable="true"
13        android:extractNativeLibs="false"
14        android:label="DeviceFaker"
14-->src/main/AndroidManifest.xml:5:9-36
15        android:theme="@android:style/Theme.DeviceDefault" >
15-->src/main/AndroidManifest.xml:6:9-59
16        <meta-data
16-->src/main/AndroidManifest.xml:7:9-9:35
17            android:name="xposedmodule"
17-->src/main/AndroidManifest.xml:8:13-40
18            android:value="true" />
18-->src/main/AndroidManifest.xml:9:13-33
19        <meta-data
19-->src/main/AndroidManifest.xml:10:9-12:50
20            android:name="xposeddescription"
20-->src/main/AndroidManifest.xml:11:13-45
21            android:value="Fake device profile" />
21-->src/main/AndroidManifest.xml:12:13-48
22        <meta-data
22-->src/main/AndroidManifest.xml:13:9-15:33
23            android:name="xposedminversion"
23-->src/main/AndroidManifest.xml:14:13-44
24            android:value="93" />
24-->src/main/AndroidManifest.xml:15:13-31
25    </application>
26
27</manifest>